2025-03-18T11:26:47 | touched: .env.example
2025-04-05T11:21:37 | touched: hardhat.config.js
2025-07-28T19:13:23 | touched: hardhat.config.js
2025-09-10T00:45:56 | touched: test/Gptneomodel.test.js
2025-04-06T01:29:40 | touched: hardhat.config.js
2025-01-11T21:46:15 | touched: README.md
2025-02-07T13:53:58 | touched: .env.example
2025-04-01T21:53:57 | touched: scripts/deploy.js
2025-05-10T19:05:29 | touched: scripts/deploy.js
2025-11-05T14:15:31 | touched: scripts/deploy.js
2025-12-31T13:47:21 | touched: test/Gptneomodel.test.js
2025-04-13T02:23:28 | touched: hardhat.config.js
2025-06-24T21:47:57 | touched: hardhat.config.js
2025-08-02T14:35:25 | touched: hardhat.config.js
2025-02-15T03:10:56 | touched: package.json
2025-06-14T03:57:56 | touched: scripts/deploy.js
2025-01-09T13:18:56 | touched: .env.example
2025-11-23T08:34:52 | touched: scripts/deploy.js
2025-06-29T09:15:12 | touched: scripts/deploy.js
2025-11-26T23:43:52 | touched: LICENSE
2025-12-02T16:26:51 | touched: README.md
2025-12-31T12:21:23 | touched: test/Gptneomodel.test.js
2025-01-24T09:44:22 | touched: test/Gptneomodel.test.js
2025-05-30T06:34:23 | touched: contracts/Gptneomodel.sol
2025-10-31T22:29:56 | touched: hardhat.config.js
2025-03-01T06:03:48 | touched: contracts/Gptneomodel.sol
2025-05-06T10:10:48 | touched: test/Gptneomodel.test.js
2025-11-14T06:54:18 | touched: .env.example
2025-04-06T09:16:57 | touched: .env.example
2025-09-12T23:33:32 | touched: hardhat.config.js
2025-02-12T03:59:02 | touched: test/Gptneomodel.test.js
2025-03-21T09:16:49 | touched: LICENSE
2025-02-08T12:37:18 | touched: contracts/Gptneomodel.sol
2025-05-19T09:40:27 | touched: hardhat.config.js
2025-11-15T21:07:54 | touched: scripts/deploy.js
2025-02-02T02:08:00 | touched: package.json
2025-02-02T04:56:35 | touched: test/Gptneomodel.test.js
2025-11-09T05:38:38 | touched: contracts/Gptneomodel.sol
2025-08-19T06:00:40 | touched: scripts/deploy.js
2025-04-12T08:43:59 | touched: hardhat.config.js
2025-03-31T14:56:39 | touched: .env.example
2025-01-17T20:04:47 | touched: scripts/deploy.js
2026-01-18T01:56:37 | touched: package.json
2026-01-09T02:05:03 | touched: LICENSE
2026-01-19T06:00:43 | touched: hardhat.config.js
2026-01-13T02:53:18 | touched: LICENSE
2025-06-07T22:38:29 | touched: test/Gptneomodel.test.js
2026-01-15T00:38:53 | touched: test/Gptneomodel.test.js
2025-02-25T06:56:04 | touched: README.md
